<?xml version="1.0" encoding="UTF-8"?>
<!-- Generated by org.testng.reporters.JUnitXMLReporter -->
<testsuite ignored="0" hostname="KAVIN" failures="0" tests="3" name="Default test" time="146.817" errors="0" timestamp="2022-04-25T14:12:29 IST">
  <testcase classname="hms.admin.testcase.Addvistortest" name="addvistor" time="7.875"/>
  <testcase classname="hms.admin.testcase.Addvistortest" name="addvistor" time="7.476"/>
  <testcase classname="hms.admin.testcase.Addvistortest" name="addvistor" time="6.876"/>
</testsuite> <!-- Default test -->
