<?xml version="1.0" encoding="UTF-8"?>
<!-- Generated by org.testng.reporters.JUnitXMLReporter -->
<testsuite ignored="0" hostname="KAVIN" failures="0" tests="6" name="HMSAdminTest" time="161.361" errors="0" timestamp="2022-04-16T17:23:28 IST">
  <testcase classname="hms.admin.testcase.Logintest" name="logintest" time="10.482"/>
  <testcase classname="hms.admin.testcase.Dashboradtest" name="clickfrontoff" time="2.478"/>
  <testcase classname="hms.admin.testcase.Frontofftest" name="clickvistorbook" time="3.963"/>
  <testcase classname="hms.admin.testcase.Addvistortest" name="addvistor" time="6.971"/>
  <testcase classname="hms.admin.testcase.Addvistortest" name="addvistor" time="6.808"/>
  <testcase classname="hms.admin.testcase.Addvistortest" name="addvistor" time="6.75"/>
</testsuite> <!-- HMSAdminTest -->
